  CVProject.cpp
D:\dev\CVProject\CVProject\CVProject.cpp(15,39): warning C4305: 'initializing': truncation from 'double' to 'float'
D:\dev\CVProject\CVProject\CVProject.cpp(76,61): warning C4244: 'argument': conversion from 'float' to '_Tp', possible loss of data
          with
          [
              _Tp=int
          ]
D:\dev\CVProject\CVProject\CVProject.cpp(89,25): warning C4244: '=': conversion from 'double' to '_Tp', possible loss of data
          with
          [
              _Tp=int
          ]
D:\dev\CVProject\CVProject\CVProject.cpp(90,25): warning C4244: '=': conversion from 'double' to '_Tp', possible loss of data
          with
          [
              _Tp=int
          ]
D:\dev\CVProject\CVProject\CVProject.cpp(96,27): warning C4244: '=': conversion from 'double' to '_Tp', possible loss of data
          with
          [
              _Tp=int
          ]
D:\dev\CVProject\CVProject\CVProject.cpp(97,27): warning C4244: '=': conversion from 'double' to '_Tp', possible loss of data
          with
          [
              _Tp=int
          ]
D:\dev\CVProject\CVProject\CVProject.cpp(197,49): warning C4244: 'argument': conversion from 'double' to 'float', possible loss of data
D:\dev\CVProject\CVProject\CVProject.cpp(197,100): warning C4244: 'argument': conversion from 'double' to 'float', possible loss of data
D:\dev\CVProject\CVProject\CVProject.cpp(230,41): warning C4305: 'initializing': truncation from 'double' to 'float'
D:\dev\CVProject\CVProject\CVProject.cpp(295,48): warning C4244: 'argument': conversion from 'double' to 'T', possible loss of data
          with
          [
              T=float
          ]
D:\dev\CVProject\CVProject\CVProject.cpp(302,30): warning C4244: 'argument': conversion from 'double' to '_Ty', possible loss of data
          with
          [
              _Ty=float
          ]
D:\dev\CVProject\CVProject\CVProject.cpp(390,46): warning C4305: 'initializing': truncation from 'double' to 'float'
D:\dev\CVProject\CVProject\CVProject.cpp(448,65): warning C4267: 'initializing': conversion from 'size_t' to 'int', possible loss of data
D:\dev\CVProject\CVProject\CVProject.cpp(479,25): warning C4244: 'initializing': conversion from '__int64' to 'int', possible loss of data
D:\dev\CVProject\CVProject\CVProject.cpp(544,96): warning C4244: '=': conversion from '__int64' to 'int', possible loss of data
D:\dev\CVProject\CVProject\CVProject.cpp(591,29): warning C4244: 'initializing': conversion from 'double' to 'float', possible loss of data
D:\dev\CVProject\CVProject\CVProject.cpp(592,29): warning C4244: 'initializing': conversion from 'double' to 'float', possible loss of data
D:\dev\CVProject\CVProject\CVProject.cpp(593,29): warning C4244: 'initializing': conversion from 'double' to 'float', possible loss of data
D:\dev\CVProject\CVProject\CVProject.cpp(594,29): warning C4244: 'initializing': conversion from 'double' to 'float', possible loss of data
D:\dev\CVProject\CVProject\CVProject.cpp(595,27): warning C4244: 'initializing': conversion from 'double' to 'float', possible loss of data
D:\dev\CVProject\CVProject\CVProject.cpp(613,32): warning C4244: 'argument': conversion from 'double' to 'float', possible loss of data
  Generating code
  3 of 717 functions ( 0.4%) were compiled, the rest were copied from previous compilation.
    0 functions were new in current compilation
    8 functions had inline decision re-evaluated but remain unchanged
  Finished generating code
  CVProject.vcxproj -> D:\dev\CVProject\x64\Release\CVProject.exe
